2003.10.08 08:54 B C:\MS\Magical Strings Current 7-23-02 Web\CreatingWhereDragonsDance\images\1BigRedStudio.jpg --> magicalstrings.com /CreatingWhereDragonsDance/images 1BigRedStudio.jpg
2003.10.08 08:54 B C:\MS\Magical Strings Current 7-23-02 Web\CreatingWhereDragonsDance\images\1FAMILY.jpg --> magicalstrings.com /CreatingWhereDragonsDance/images 1FAMILY.jpg
2003.10.08 08:55 B C:\MS\Magical Strings Current 7-23-02 Web\CreatingWhereDragonsDance\images\2Quartetstanding1.jpg --> magicalstrings.com /CreatingWhereDragonsDance/images 2Quartetstanding1.jpg
2003.10.08 08:55 B C:\MS\Magical Strings Current 7-23-02 Web\CreatingWhereDragonsDance\images\BigRedt.jpg --> magicalstrings.com /CreatingWhereDragonsDance/images BigRedt.jpg
2003.10.08 08:55 B C:\MS\Magical Strings Current 7-23-02 Web\CreatingWhereDragonsDance\images\Billy.jpg --> magicalstrings.com /CreatingWhereDragonsDance/images Billy.jpg
2003.10.08 08:55 B C:\MS\Magical Strings Current 7-23-02 Web\CreatingWhereDragonsDance\images\Brenin1.jpg --> magicalstrings.com /CreatingWhereDragonsDance/images Brenin1.jpg
2003.10.08 08:55 B C:\MS\Magical Strings Current 7-23-02 Web\CreatingWhereDragonsDance\images\BreninCello.jpg --> magicalstrings.com /CreatingWhereDragonsDance/images BreninCello.jpg
2003.10.08 08:55 B C:\MS\Magical Strings Current 7-23-02 Web\CreatingWhereDragonsDance\images\Brittany&Pam.jpg --> magicalstrings.com /CreatingWhereDragonsDance/images Brittany&Pam.jpg
2003.10.08 08:55 B C:\MS\Magical Strings Current 7-23-02 Web\CreatingWhereDragonsDance\images\Brittany1.jpg --> magicalstrings.com /CreatingWhereDragonsDance/images Brittany1.jpg
2003.10.08 08:55 B C:\MS\Magical Strings Current 7-23-02 Web\CreatingWhereDragonsDance\images\Brittany2.jpg --> magicalstrings.com /CreatingWhereDragonsDance/images Brittany2.jpg
2003.10.08 08:55 B C:\MS\Magical Strings Current 7-23-02 Web\CreatingWhereDragonsDance\images\Brittany4.jpg --> magicalstrings.com /CreatingWhereDragonsDance/images Brittany4.jpg
2003.10.08 08:55 B C:\MS\Magical Strings Current 7-23-02 Web\CreatingWhereDragonsDance\images\FAMILY COUCH.jpg --> magicalstrings.com /CreatingWhereDragonsDance/images FAMILY COUCH.jpg
2003.10.08 08:55 B C:\MS\Magical Strings Current 7-23-02 Web\CreatingWhereDragonsDance\images\Jarrod.jpg --> magicalstrings.com /CreatingWhereDragonsDance/images Jarrod.jpg
2003.10.08 08:55 B C:\MS\Magical Strings Current 7-23-02 Web\CreatingWhereDragonsDance\images\Jarrod1.jpg --> magicalstrings.com /CreatingWhereDragonsDance/images Jarrod1.jpg
2003.10.08 08:55 B C:\MS\Magical Strings Current 7-23-02 Web\CreatingWhereDragonsDance\images\JTom_Creegan.jpg --> magicalstrings.com /CreatingWhereDragonsDance/images JTom_Creegan.jpg
2003.10.08 08:55 B C:\MS\Magical Strings Current 7-23-02 Web\CreatingWhereDragonsDance\images\JTom_Creegan1.jpg --> magicalstrings.com /CreatingWhereDragonsDance/images JTom_Creegan1.jpg
2003.10.08 08:55 B C:\MS\Magical Strings Current 7-23-02 Web\CreatingWhereDragonsDance\images\Pam&Dulcimer.jpg --> magicalstrings.com /CreatingWhereDragonsDance/images Pam&Dulcimer.jpg
2003.10.08 08:55 B C:\MS\Magical Strings Current 7-23-02 Web\CreatingWhereDragonsDance\images\Pam&KB3.jpg --> magicalstrings.com /CreatingWhereDragonsDance/images Pam&KB3.jpg
2003.10.08 08:55 B C:\MS\Magical Strings Current 7-23-02 Web\CreatingWhereDragonsDance\images\PHarps.jpg --> magicalstrings.com /CreatingWhereDragonsDance/images PHarps.jpg
2003.10.08 08:55 B C:\MS\Magical Strings Current 7-23-02 Web\CreatingWhereDragonsDance\images\Philip&Chen3.jpg --> magicalstrings.com /CreatingWhereDragonsDance/images Philip&Chen3.jpg
2003.10.08 08:55 B C:\MS\Magical Strings Current 7-23-02 Web\CreatingWhereDragonsDance\images\Philip&Chen5.jpg --> magicalstrings.com /CreatingWhereDragonsDance/images Philip&Chen5.jpg
2003.10.08 08:55 B C:\MS\Magical Strings Current 7-23-02 Web\CreatingWhereDragonsDance\images\Philip&Chen6.jpg --> magicalstrings.com /CreatingWhereDragonsDance/images Philip&Chen6.jpg
2003.10.08 08:55 B C:\MS\Magical Strings Current 7-23-02 Web\CreatingWhereDragonsDance\images\Philip.jpg --> magicalstrings.com /CreatingWhereDragonsDance/images Philip.jpg
2003.10.08 08:56 B C:\MS\Magical Strings Current 7-23-02 Web\CreatingWhereDragonsDance\images\Philip1.jpg --> magicalstrings.com /CreatingWhereDragonsDance/images Philip1.jpg
2003.10.08 08:56 B C:\MS\Magical Strings Current 7-23-02 Web\CreatingWhereDragonsDance\images\Sheetmusic.jpg --> magicalstrings.com /CreatingWhereDragonsDance/images Sheetmusic.jpg
2003.10.08 08:56 B C:\MS\Magical Strings Current 7-23-02 Web\CreatingWhereDragonsDance\images\Thumbs.db --> magicalstrings.com /CreatingWhereDragonsDance/images Thumbs.db
2003.10.08 08:56 B C:\MS\Magical Strings Current 7-23-02 Web\CreatingWhereDragonsDance\images\Where Dragons Dance_LowLow1.jpg --> magicalstrings.com /CreatingWhereDragonsDance/images Where Dragons Dance_LowLow1.jpg
