2002.06.10 14:51 B C:\Magical Strings\Magical Strings Web\samples\att4_maiden.mp3 <-- Magical Strings /magicalstrings-www/samples att4_maiden.mp3
2002.06.10 14:51 B C:\Magical Strings\Magical Strings Web\samples\att5_swan.mp3 <-- Magical Strings /magicalstrings-www/samples att5_swan.mp3
2002.06.10 14:51 B C:\Magical Strings\Magical Strings Web\samples\att6_edwards.mp3 <-- Magical Strings /magicalstrings-www/samples att6_edwards.mp3
2002.06.10 14:52 B C:\Magical Strings\Magical Strings Web\samples\att7_rye.mp3 <-- Magical Strings /magicalstrings-www/samples att7_rye.mp3
2002.06.10 14:52 B C:\Magical Strings\Magical Strings Web\samples\botl12_peace.mp3 <-- Magical Strings /magicalstrings-www/samples botl12_peace.mp3
2002.06.10 14:52 B C:\Magical Strings\Magical Strings Web\samples\botl1_mummer.mp3 <-- Magical Strings /magicalstrings-www/samples botl1_mummer.mp3
2002.06.10 14:52 B C:\Magical Strings\Magical Strings Web\samples\botl2_bell.mp3 <-- Magical Strings /magicalstrings-www/samples botl2_bell.mp3
2002.06.10 14:52 B C:\Magical Strings\Magical Strings Web\samples\botl6_merlin.mp3 <-- Magical Strings /magicalstrings-www/samples botl6_merlin.mp3
2002.06.10 14:52 B C:\Magical Strings\Magical Strings Web\samples\btm10_kailey.mp3 <-- Magical Strings /magicalstrings-www/samples btm10_kailey.mp3
2002.06.10 14:52 B C:\Magical Strings\Magical Strings Web\samples\btm1_rowan.mp3 <-- Magical Strings /magicalstrings-www/samples btm1_rowan.mp3
2002.06.10 14:52 B C:\Magical Strings\Magical Strings Web\samples\btm3_brittany.mp3 <-- Magical Strings /magicalstrings-www/samples btm3_brittany.mp3
2002.06.10 14:53 B C:\Magical Strings\Magical Strings Web\samples\btm4_mother.mp3 <-- Magical Strings /magicalstrings-www/samples btm4_mother.mp3
2002.06.10 14:53 B C:\Magical Strings\Magical Strings Web\samples\btm5_dance.mp3 <-- Magical Strings /magicalstrings-www/samples btm5_dance.mp3
2002.06.10 14:53 B C:\Magical Strings\Magical Strings Web\samples\cts1_knock.mp3 <-- Magical Strings /magicalstrings-www/samples cts1_knock.mp3
2002.06.10 14:53 B C:\Magical Strings\Magical Strings Web\samples\cts4_lament.mp3 <-- Magical Strings /magicalstrings-www/samples cts4_lament.mp3
2002.06.10 14:53 B C:\Magical Strings\Magical Strings Web\samples\cts9_skellig.mp3 <-- Magical Strings /magicalstrings-www/samples cts9_skellig.mp3
2002.06.10 14:53 B C:\Magical Strings\Magical Strings Web\samples\gpa14_kings.mp3 <-- Magical Strings /magicalstrings-www/samples gpa14_kings.mp3
2002.06.10 14:53 B C:\Magical Strings\Magical Strings Web\samples\gpa16_night.mp3 <-- Magical Strings /magicalstrings-www/samples gpa16_night.mp3
2002.06.10 14:54 B C:\Magical Strings\Magical Strings Web\samples\gpa6_proc.mp3 <-- Magical Strings /magicalstrings-www/samples gpa6_proc.mp3
2002.06.10 14:54 B C:\Magical Strings\Magical Strings Web\samples\gpa7_goodpa.mp3 <-- Magical Strings /magicalstrings-www/samples gpa7_goodpa.mp3
2002.06.10 14:54 B C:\Magical Strings\Magical Strings Web\samples\ic11_hornpipe.mp3 <-- Magical Strings /magicalstrings-www/samples ic11_hornpipe.mp3
2002.06.10 14:54 B C:\Magical Strings\Magical Strings Web\samples\ic2_malagasy.mp3 <-- Magical Strings /magicalstrings-www/samples ic2_malagasy.mp3
2002.06.10 14:54 B C:\Magical Strings\Magical Strings Web\samples\ic5_jamaican.mp3 <-- Magical Strings /magicalstrings-www/samples ic5_jamaican.mp3
2002.06.10 14:54 B C:\Magical Strings\Magical Strings Web\samples\ic7_wintospring.mp3 <-- Magical Strings /magicalstrings-www/samples ic7_wintospring.mp3
2002.06.10 14:54 B C:\Magical Strings\Magical Strings Web\samples\loi2_vali.mp3 <-- Magical Strings /magicalstrings-www/samples loi2_vali.mp3
2002.06.10 14:54 B C:\Magical Strings\Magical Strings Web\samples\loi3_battle.mp3 <-- Magical Strings /magicalstrings-www/samples loi3_battle.mp3
2002.06.10 14:54 B C:\Magical Strings\Magical Strings Web\samples\loi3_march.mp3 <-- Magical Strings /magicalstrings-www/samples loi3_march.mp3
2002.06.10 14:54 B C:\Magical Strings\Magical Strings Web\samples\loi5_house.mp3 <-- Magical Strings /magicalstrings-www/samples loi5_house.mp3
2002.06.10 14:55 B C:\Magical Strings\Magical Strings Web\samples\otb10_grace.mp3 <-- Magical Strings /magicalstrings-www/samples otb10_grace.mp3
2002.06.10 14:55 B C:\Magical Strings\Magical Strings Web\samples\otb1_stairs.mp3 <-- Magical Strings /magicalstrings-www/samples otb1_stairs.mp3
2002.06.10 14:55 B C:\Magical Strings\Magical Strings Web\samples\otb3_bryan.mp3 <-- Magical Strings /magicalstrings-www/samples otb3_bryan.mp3
2002.06.10 14:55 B C:\Magical Strings\Magical Strings Web\samples\otb8_never.mp3 <-- Magical Strings /magicalstrings-www/samples otb8_never.mp3
2002.06.10 14:55 B C:\Magical Strings\Magical Strings Web\samples\pbh10_jamaican.mp3 <-- Magical Strings /magicalstrings-www/samples pbh10_jamaican.mp3
2002.06.10 14:55 B C:\Magical Strings\Magical Strings Web\samples\pbh1_spring.mp3 <-- Magical Strings /magicalstrings-www/samples pbh1_spring.mp3
2002.06.10 14:55 B C:\Magical Strings\Magical Strings Web\samples\pbh3_jester.mp3 <-- Magical Strings /magicalstrings-www/samples pbh3_jester.mp3
2002.06.10 14:55 B C:\Magical Strings\Magical Strings Web\samples\pbh7_spiral.mp3 <-- Magical Strings /magicalstrings-www/samples pbh7_spiral.mp3
2002.06.10 14:55 B C:\Magical Strings\Magical Strings Web\samples\st2_mary.mp3 <-- Magical Strings /magicalstrings-www/samples st2_mary.mp3
2002.06.10 14:56 B C:\Magical Strings\Magical Strings Web\samples\st3_merch.mp3 <-- Magical Strings /magicalstrings-www/samples st3_merch.mp3
2002.06.10 14:56 B C:\Magical Strings\Magical Strings Web\samples\st5_wynne.mp3 <-- Magical Strings /magicalstrings-www/samples st5_wynne.mp3
2002.06.10 14:56 B C:\Magical Strings\Magical Strings Web\samples\st8_murphy.mp3 <-- Magical Strings /magicalstrings-www/samples st8_murphy.mp3
2002.06.10 14:56 B C:\Magical Strings\Magical Strings Web\samples\TRACK_01.ram <-- Magical Strings /magicalstrings-www/samples TRACK_01.ram
2002.06.10 14:56 B C:\Magical Strings\Magical Strings Web\samples\TRACK_02.ram <-- Magical Strings /magicalstrings-www/samples TRACK_02.ram
2002.06.10 14:56 B C:\Magical Strings\Magical Strings Web\samples\TRACK_03.ram <-- Magical Strings /magicalstrings-www/samples TRACK_03.ram
2002.06.10 14:56 B C:\Magical Strings\Magical Strings Web\samples\TRACK_04.ram <-- Magical Strings /magicalstrings-www/samples TRACK_04.ram
2002.06.10 14:56 B C:\Magical Strings\Magical Strings Web\samples\TRACK_05.ram <-- Magical Strings /magicalstrings-www/samples TRACK_05.ram
2002.06.10 14:56 B C:\Magical Strings\Magical Strings Web\samples\TRACK_06.ram <-- Magical Strings /magicalstrings-www/samples TRACK_06.ram
2002.06.10 14:56 B C:\Magical Strings\Magical Strings Web\samples\TRACK_07.ram <-- Magical Strings /magicalstrings-www/samples TRACK_07.ram
2002.06.10 14:56 B C:\Magical Strings\Magical Strings Web\samples\TRACK_08.ram <-- Magical Strings /magicalstrings-www/samples TRACK_08.ram
2002.06.10 14:56 B C:\Magical Strings\Magical Strings Web\samples\TRACK_09.ram <-- Magical Strings /magicalstrings-www/samples TRACK_09.ram
2002.06.10 14:56 B C:\Magical Strings\Magical Strings Web\samples\TRACK_10.ram <-- Magical Strings /magicalstrings-www/samples TRACK_10.ram
2002.06.10 14:56 B C:\Magical Strings\Magical Strings Web\samples\TRACK_11.ram <-- Magical Strings /magicalstrings-www/samples TRACK_11.ram
2002.06.10 14:56 B C:\Magical Strings\Magical Strings Web\samples\TRACK_12.ram <-- Magical Strings /magicalstrings-www/samples TRACK_12.ram
2002.06.10 14:56 B C:\Magical Strings\Magical Strings Web\samples\TRACK_13.ram <-- Magical Strings /magicalstrings-www/samples TRACK_13.ram
2003.10.06 09:30 B C:\MS\Magical Strings Current 7-23-02 Web\samples\Where Dragons Dance.mp3 --> magicalstrings.com /samples Where Dragons Dance.mp3
2003.10.06 21:37 B C:\MS\Magical Strings Current 7-23-02 Web\samples\Bells of Ballinskelligs.mp3 --> magicalstrings.com /samples Bells of Ballinskelligs.mp3
2003.10.06 21:38 B C:\MS\Magical Strings Current 7-23-02 Web\samples\Doherty’s Reels.mp3 --> magicalstrings.com /samples Doherty’s Reels.mp3
2003.10.06 21:40 B C:\MS\Magical Strings Current 7-23-02 Web\samples\Poet's Love.mp3 --> magicalstrings.com /samples Poet's Love.mp3
2003.10.06 21:41 B C:\MS\Magical Strings Current 7-23-02 Web\samples\The Humours of Scariff.mp3 --> magicalstrings.com /samples The Humours of Scariff.mp3
2003.10.06 21:43 B C:\MS\Magical Strings Current 7-23-02 Web\samples\The Unseen Journey.mp3 --> magicalstrings.com /samples The Unseen Journey.mp3
2003.10.06 22:06 B C:\MS\Magical Strings Current 7-23-02 Web\samples\The Summer River.mp3 --> magicalstrings.com /samples The Summer River.mp3
2003.10.13 09:41 B C:\MS\Magical Strings Current 7-23-02 Web\samples\Where Dragons Dance.mp3 --> magicalstrings.com /samples Where Dragons Dance.mp3
